<?xml version="1.0" encoding="UTF-8"?>
<!-- Generated by org.testng.reporters.JUnitXMLReporter -->
<testsuite ignored="0" hostname="DESKTOP-ARFFENO" failures="0" tests="3" name="EdgeTest" time="22.377" errors="0" timestamp="2024-08-07T15:06:41 IST">
  <testcase classname="TESTNGPROGRAMS.ParamTest" name="testlogo" time="0.119"/>
  <testcase classname="TESTNGPROGRAMS.ParamTest" name="testTitle" time="0.119"/>
  <testcase classname="TESTNGPROGRAMS.ParamTest" name="testurl" time="0.032"/>
</testsuite> <!-- EdgeTest -->
