<?xml version="1.0" encoding="UTF-8"?>
<!-- Generated by org.testng.reporters.JUnitXMLReporter -->
<testsuite ignored="0" hostname="DESKTOP-ARFFENO" failures="1" tests="3" name="Test" time="13.306" errors="0" timestamp="2024-08-07T18:57:57 IST">
  <testcase classname="TESTNGPROGRAMS.OrangeHRMTest" name="setup" time="12.96"/>
  <testcase classname="TESTNGPROGRAMS.OrangeHRMTest" name="getappurl" time="0.003">
    <failure type="java.lang.NullPointerException" message="Cannot invoke &amp;quot;org.openqa.selenium.WebDriver.getCurrentUrl()&amp;quot; because &amp;quot;this.driver&amp;quot; is null">
      <![CDATA[java.lang.NullPointerException: Cannot invoke "org.openqa.selenium.WebDriver.getCurrentUrl()" because "this.driver" is null
at TESTNGPROGRAMS.OrangeHRMTest.getappurl(OrangeHRMTest.java:32)
at java.base/java.util.ArrayList.forEach(ArrayList.java:1597)
... Removed 25 stack frames]]>
    </failure>
  </testcase> <!-- getappurl -->
  <testcase classname="TESTNGPROGRAMS.OrangeHRMTest" name="getTitle" time="0.0">
    <skipped/>
  </testcase> <!-- getTitle -->
</testsuite> <!-- Test -->
